<?xml version="1.0" encoding="UTF-8"?>
<!-- Generated by org.testng.reporters.JUnitReportReporter -->
<testsuite hostname="DESKTOP-HFEDGTF" failures="0" tests="1" name="pomStudy1.TestNG" time="3.094" errors="0" timestamp="2022-03-21T21:10:46 IST" skipped="0">
  <testcase classname="pomStudy1.TestNG" name="validateUserId" time="3.094"/>
  <system-out>
    <![CDATA[Validation of userId Succesfull]]>
  </system-out>
</testsuite> <!-- pomStudy1.TestNG -->
