<?xml version="1.0" encoding="UTF-8"?>
<!-- Generated by org.testng.reporters.JUnitReportReporter -->
<testsuite hostname="DESKTOP-HFEDGTF" failures="0" tests="2" name="pomWithTestNG.TestNGCrossBrowser" time="10.949" errors="0" timestamp="2022-03-28T12:46:41 IST" skipped="0">
  <testcase classname="pomWithTestNG.TestNGCrossBrowser" name="validateUserId" time="7.514"/>
  <system-out>
    <![CDATA[Validating UserId
Validating UserId Successfully,TC pass]]>
  </system-out>
  <testcase classname="pomWithTestNG.TestNGCrossBrowser" name="validateUserId" time="3.435"/>
  <system-out>
    <![CDATA[Validating UserId
Validating UserId Successfully,TC pass]]>
  </system-out>
</testsuite> <!-- pomWithTestNG.TestNGCrossBrowser -->
