<?xml version="1.0" encoding="UTF-8"?>
<!-- Generated by org.testng.reporters.JUnitReportReporter -->
<testsuite hostname="DESKTOP-HFEDGTF" failures="0" tests="2" name="testNGxmlGroup.Test1" time="0.015" errors="0" timestamp="2022-03-22T12:30:10 IST" skipped="0">
  <testcase classname="testNGxmlGroup.Test1" name="TC1" time="0.015"/>
  <system-out>
    <![CDATA[TC1 Running]]>
  </system-out>
  <testcase classname="testNGxmlGroup.Test1" name="TC4" time="0.000"/>
  <system-out>
    <![CDATA[TC4 Running]]>
  </system-out>
</testsuite> <!-- testNGxmlGroup.Test1 -->
