<?xml version="1.0" encoding="UTF-8"?>
<!-- Generated by org.testng.reporters.JUnitReportReporter -->
<testsuite hostname="DESKTOP-HFEDGTF" failures="0" tests="4" name="testNG.KeywordStudy" time="0.016" errors="0" timestamp="2022-03-21T12:33:46 IST" skipped="0">
  <testcase classname="testNG.KeywordStudy" name="a" time="0.000"/>
  <system-out>
    <![CDATA[@Test a ]]>
  </system-out>
  <testcase classname="testNG.KeywordStudy" name="abc" time="0.016"/>
  <system-out>
    <![CDATA[@Test abc ]]>
  </system-out>
  <testcase classname="testNG.KeywordStudy" name="ab" time="0.000"/>
  <system-out>
    <![CDATA[@Test ab ]]>
  </system-out>
  <testcase classname="testNG.KeywordStudy" name="a" time="0.000"/>
  <system-out>
    <![CDATA[@Test a ]]>
  </system-out>
</testsuite> <!-- testNG.KeywordStudy -->
