<?xml version="1.0" encoding="UTF-8"?>
<!-- Generated by org.testng.reporters.JUnitReportReporter -->
<testsuite hostname="DESKTOP-HFEDGTF" failures="0" tests="2" name="testNGxmlStudy.ClassB" time="0.014" errors="0" timestamp="2022-03-22T12:18:29 IST" skipped="0">
  <testcase classname="testNGxmlStudy.ClassB" name="TC7" time="0.014"/>
  <system-out>
    <![CDATA[TC7 Running]]>
  </system-out>
  <testcase classname="testNGxmlStudy.ClassB" name="TC8" time="0.000"/>
  <system-out>
    <![CDATA[TC8 Running]]>
  </system-out>
</testsuite> <!-- testNGxmlStudy.ClassB -->
