<?xml version="1.0" encoding="UTF-8"?>
<!-- Generated by org.testng.reporters.JUnitReportReporter -->
<testsuite hostname="DESKTOP-HFEDGTF" failures="0" tests="1" name="testNGSeriesParallel.Test1" time="9.441" errors="0" timestamp="2022-04-05T10:24:15 IST" skipped="0">
  <testcase classname="testNGSeriesParallel.Test1" name="MyMethod1" time="9.441"/>
  <system-out/>
</testsuite> <!-- testNGSeriesParallel.Test1 -->
