<?xml version="1.0" encoding="UTF-8"?>
<!-- Generated by org.testng.reporters.JUnitReportReporter -->
<testsuite hostname="DESKTOP-HFEDGTF" failures="0" tests="2" name="testNGCrossBrowser.CrossBrowser" time="56.289" errors="0" timestamp="2022-03-30T23:20:58 IST" skipped="0">
  <testcase classname="testNGCrossBrowser.CrossBrowser" name="crossBrowser" time="34.217"/>
  <system-out/>
  <testcase classname="testNGCrossBrowser.CrossBrowser" name="crossBrowser" time="22.072"/>
  <system-out/>
</testsuite> <!-- testNGCrossBrowser.CrossBrowser -->
