<?xml version="1.0" encoding="UTF-8"?>
<!-- Generated by org.testng.reporters.JUnitReportReporter -->
<testsuite hostname="DESKTOP-HFEDGTF" failures="0" tests="1" name="kiteTestClasse.ValidateBothErrors" time="1.709" errors="0" timestamp="2022-03-29T18:04:38 IST" skipped="0">
  <testcase classname="kiteTestClasse.ValidateBothErrors" name="ValidateError" time="1.709"/>
  <system-out>
    <![CDATA[ScreenShot taken for TC10
ScreenShot taken for TC10]]>
  </system-out>
</testsuite> <!-- kiteTestClasse.ValidateBothErrors -->
