<?xml version="1.0" encoding="UTF-8"?>
<!-- Generated by org.testng.reporters.JUnitReportReporter -->
<testsuite hostname="DESKTOP-HFEDGTF" failures="0" tests="4" name="testNG.MyTest" time="0.024" errors="0" timestamp="2022-03-18T12:16:33 IST" skipped="0">
  <testcase classname="testNG.MyTest" name="Test3" time="0.006"/>
  <system-out/>
  <testcase classname="testNG.MyTest" name="Test2" time="0.003"/>
  <system-out>
    <![CDATA[Hi--Starts TestNG Coding]]>
  </system-out>
  <testcase classname="testNG.MyTest" name="Test1" time="0.013"/>
  <system-out/>
  <testcase classname="testNG.MyTest" name="Test4" time="0.002"/>
  <system-out/>
</testsuite> <!-- testNG.MyTest -->
