<?xml version="1.0" encoding="UTF-8"?>
<!-- Generated by org.testng.reporters.JUnitReportReporter -->
<testsuite hostname="DESKTOP-HFEDGTF" failures="0" tests="6" name="textNGfail.test1" time="0.257" errors="0" timestamp="2022-03-22T12:41:49 IST" skipped="0">
  <testcase classname="textNGfail.test1" name="TC3" time="0.120"/>
  <system-out>
    <![CDATA[TC3 Running ]]>
  </system-out>
  <testcase classname="textNGfail.test1" name="TC1" time="0.021"/>
  <system-out>
    <![CDATA[TC1 Running ]]>
  </system-out>
  <testcase classname="textNGfail.test1" name="TC5" time="0.011"/>
  <system-out>
    <![CDATA[TC5 Running ]]>
  </system-out>
  <testcase classname="textNGfail.test1" name="TC6" time="0.000"/>
  <system-out>
    <![CDATA[TC6 Running ]]>
  </system-out>
  <testcase classname="textNGfail.test1" name="TC4" time="0.100"/>
  <system-out>
    <![CDATA[TC4 Running ]]>
  </system-out>
  <testcase classname="textNGfail.test1" name="TC2" time="0.005"/>
  <system-out>
    <![CDATA[TC2 Running ]]>
  </system-out>
</testsuite> <!-- textNGfail.test1 -->
