<?xml version="1.0" encoding="UTF-8"?>
<!-- Generated by org.testng.reporters.JUnitReportReporter -->
<testsuite hostname="DESKTOP-HFEDGTF" failures="0" tests="2" name="testNG.Annotations" time="0.010" errors="0" timestamp="2022-03-30T23:13:21 IST" skipped="0">
  <testcase classname="testNG.Annotations" name="ValidateUserId" time="0.008"/>
  <system-out>
    <![CDATA[@Test Method1]]>
  </system-out>
  <testcase classname="testNG.Annotations" name="abc" time="0.002"/>
  <system-out>
    <![CDATA[@Test Method2]]>
  </system-out>
</testsuite> <!-- testNG.Annotations -->
