<?xml version="1.0" encoding="UTF-8"?>
<!-- Generated by org.testng.reporters.JUnitReportReporter -->
<testsuite hostname="DESKTOP-HFEDGTF" failures="0" tests="3" name="testNGxmlStudy.ClassA" time="0.005" errors="0" timestamp="2022-03-22T12:18:29 IST" skipped="0">
  <testcase classname="testNGxmlStudy.ClassA" name="TC1" time="0.005"/>
  <system-out>
    <![CDATA[TC1 Running]]>
  </system-out>
  <testcase classname="testNGxmlStudy.ClassA" name="TC2" time="0.000"/>
  <system-out>
    <![CDATA[TC2 Running]]>
  </system-out>
  <testcase classname="testNGxmlStudy.ClassA" name="TC3" time="0.000"/>
  <system-out>
    <![CDATA[TC3 Running]]>
  </system-out>
</testsuite> <!-- testNGxmlStudy.ClassA -->
