<?xml version="1.0" encoding="UTF-8"?>
<!-- Generated by org.testng.reporters.JUnitReportReporter -->
<testsuite hostname="DESKTOP-HFEDGTF" failures="0" tests="1" name="pomWithTestNG.TestNG" time="4.268" errors="0" timestamp="2022-03-26T13:03:09 IST" skipped="0">
  <testcase classname="pomWithTestNG.TestNG" name="validateUserId" time="4.268"/>
  <system-out>
    <![CDATA[Validating UserId
Validating UserId Successfully,TC pass]]>
  </system-out>
</testsuite> <!-- pomWithTestNG.TestNG -->
