<?xml version="1.0" encoding="UTF-8"?>
<!-- Generated by org.testng.reporters.JUnitReportReporter -->
<testsuite hostname="DESKTOP-HFEDGTF" failures="0" tests="5" name="testNG.invocationKeyword" time="0.018" errors="0" timestamp="2022-03-30T22:39:20 IST" skipped="1">
  <testcase classname="testNG.invocationKeyword" name="ab" time="0.013"/>
  <system-out>
    <![CDATA[@Test ab ]]>
  </system-out>
  <testcase classname="testNG.invocationKeyword" name="a" time="0.002"/>
  <system-out>
    <![CDATA[@Test a ]]>
  </system-out>
  <testcase classname="testNG.invocationKeyword" name="abc" time="0.001"/>
  <system-out>
    <![CDATA[@Test abc ]]>
  </system-out>
  <testcase classname="testNG.invocationKeyword" name="a" time="0.002"/>
  <system-out>
    <![CDATA[@Test a ]]>
  </system-out>
  <testcase classname="testNG.invocationKeyword" name="abcd">
    <skipped/>
  </testcase> <!-- abcd -->
  <system-out/>
</testsuite> <!-- testNG.invocationKeyword -->
