<?xml version="1.0" encoding="UTF-8"?>
<!-- Generated by org.testng.reporters.JUnitReportReporter -->
<testsuite hostname="DESKTOP-HFEDGTF" failures="0" tests="1" name="testNG.Asserts" time="0.013" errors="0" timestamp="2022-03-30T23:00:39 IST" skipped="0">
  <testcase classname="testNG.Asserts" name="equal" time="0.013"/>
  <system-out/>
</testsuite> <!-- testNG.Asserts -->
