<?xml version="1.0" encoding="UTF-8"?>
<!-- Generated by org.testng.reporters.JUnitReportReporter -->
<testsuite hostname="DESKTOP-HFEDGTF" failures="0" tests="1" name="testNG.NewTest11" time="13.731" errors="0" timestamp="2022-03-26T12:56:46 IST" skipped="0">
  <testcase classname="testNG.NewTest11" name="f" time="13.731"/>
  <system-out>
    <![CDATA[Launching FirefoxBrowse
Browse Launch Successfully]]>
  </system-out>
</testsuite> <!-- testNG.NewTest11 -->
