<?xml version="1.0" encoding="UTF-8"?>
<!-- Generated by org.testng.reporters.JUnitReportReporter -->
<testsuite hostname="DESKTOP-HFEDGTF" failures="0" tests="2" name="testNGxmlGroup.Test2" time="0.015" errors="0" timestamp="2022-03-22T12:30:10 IST" skipped="0">
  <testcase classname="testNGxmlGroup.Test2" name="TC10" time="0.010"/>
  <system-out>
    <![CDATA[TC10 Running]]>
  </system-out>
  <testcase classname="testNGxmlGroup.Test2" name="TC7" time="0.005"/>
  <system-out>
    <![CDATA[TC7 Running]]>
  </system-out>
</testsuite> <!-- testNGxmlGroup.Test2 -->
