<?xml version="1.0" encoding="UTF-8"?>
<!-- Generated by org.testng.reporters.JUnitReportReporter -->
<testsuite hostname="DESKTOP-HFEDGTF" failures="0" tests="1" name="kiteTestClasse.ValidateUserErrorMessage" time="1.659" errors="0" timestamp="2022-03-29T17:53:35 IST" skipped="0">
  <testcase classname="kiteTestClasse.ValidateUserErrorMessage" name="ValidateError" time="1.659"/>
  <system-out>
    <![CDATA[ScreenShot taken for TC11]]>
  </system-out>
</testsuite> <!-- kiteTestClasse.ValidateUserErrorMessage -->
