<?xml version="1.0" encoding="UTF-8"?>
<!-- Generated by org.testng.reporters.JUnitReportReporter -->
<testsuite hostname="DESKTOP-HFEDGTF" failures="0" tests="1" name="kiteTestClasse.UserIdVAlidation" time="4.972" errors="0" timestamp="2022-03-30T12:26:38 IST" skipped="0">
  <testcase classname="kiteTestClasse.UserIdVAlidation" name="validateUserId" time="4.972"/>
  <system-out>
    <![CDATA[ScreenShot taken for TC100]]>
  </system-out>
</testsuite> <!-- kiteTestClasse.UserIdVAlidation -->
